C:\Users\usuario\Documents\Proyecto 2222\Atenea\Atenea\Angular\dist\out-tsc\e2e\src\app.po.js
C:\Users\usuario\Documents\Proyecto 2222\Atenea\Atenea\Angular\dist\out-tsc\e2e\src\app.po.js.map
C:\Users\usuario\Documents\Proyecto 2222\Atenea\Atenea\Angular\dist\out-tsc\e2e\src\app.e2e-spec.js
C:\Users\usuario\Documents\Proyecto 2222\Atenea\Atenea\Angular\dist\out-tsc\e2e\src\app.e2e-spec.js.map
C:\Users\usuario\Documents\Proyecto 2222\Atenea\Atenea\Angular\dist\out-tsc\src\app\app.component.js
C:\Users\usuario\Documents\Proyecto 2222\Atenea\Atenea\Angular\dist\out-tsc\src\app\app.component.js.map
C:\Users\usuario\Documents\Proyecto 2222\Atenea\Atenea\Angular\dist\out-tsc\src\app\Models\Prueba.js
C:\Users\usuario\Documents\Proyecto 2222\Atenea\Atenea\Angular\dist\out-tsc\src\app\Models\Prueba.js.map
C:\Users\usuario\Documents\Proyecto 2222\Atenea\Atenea\Angular\dist\out-tsc\src\app\Models\Descriptor.js
C:\Users\usuario\Documents\Proyecto 2222\Atenea\Atenea\Angular\dist\out-tsc\src\app\Models\Descriptor.js.map
C:\Users\usuario\Documents\Proyecto 2222\Atenea\Atenea\Angular\dist\out-tsc\src\app\Services\Atenea-service.service.js
C:\Users\usuario\Documents\Proyecto 2222\Atenea\Atenea\Angular\dist\out-tsc\src\app\Services\Atenea-service.service.js.map
C:\Users\usuario\Documents\Proyecto 2222\Atenea\Atenea\Angular\dist\out-tsc\src\app\prueba\prueba.component.js
C:\Users\usuario\Documents\Proyecto 2222\Atenea\Atenea\Angular\dist\out-tsc\src\app\prueba\prueba.component.js.map
C:\Users\usuario\Documents\Proyecto 2222\Atenea\Atenea\Angular\dist\out-tsc\src\app\menu\menu.component.js
C:\Users\usuario\Documents\Proyecto 2222\Atenea\Atenea\Angular\dist\out-tsc\src\app\menu\menu.component.js.map
C:\Users\usuario\Documents\Proyecto 2222\Atenea\Atenea\Angular\dist\out-tsc\src\app\filter-descriptor.pipe.js
C:\Users\usuario\Documents\Proyecto 2222\Atenea\Atenea\Angular\dist\out-tsc\src\app\filter-descriptor.pipe.js.map
C:\Users\usuario\Documents\Proyecto 2222\Atenea\Atenea\Angular\dist\out-tsc\src\app\descriptores\descriptores.component.js
C:\Users\usuario\Documents\Proyecto 2222\Atenea\Atenea\Angular\dist\out-tsc\src\app\descriptores\descriptores.component.js.map
C:\Users\usuario\Documents\Proyecto 2222\Atenea\Atenea\Angular\dist\out-tsc\src\app\edit-descriptor\edit-descriptor.component.js
C:\Users\usuario\Documents\Proyecto 2222\Atenea\Atenea\Angular\dist\out-tsc\src\app\edit-descriptor\edit-descriptor.component.js.map
C:\Users\usuario\Documents\Proyecto 2222\Atenea\Atenea\Angular\dist\out-tsc\src\app\app.module.js
C:\Users\usuario\Documents\Proyecto 2222\Atenea\Atenea\Angular\dist\out-tsc\src\app\app.module.js.map
C:\Users\usuario\Documents\Proyecto 2222\Atenea\Atenea\Angular\dist\out-tsc\src\environments\environment.js
C:\Users\usuario\Documents\Proyecto 2222\Atenea\Atenea\Angular\dist\out-tsc\src\environments\environment.js.map
C:\Users\usuario\Documents\Proyecto 2222\Atenea\Atenea\Angular\dist\out-tsc\src\main.js
C:\Users\usuario\Documents\Proyecto 2222\Atenea\Atenea\Angular\dist\out-tsc\src\main.js.map
C:\Users\usuario\Documents\Proyecto 2222\Atenea\Atenea\Angular\dist\out-tsc\src\polyfills.js
C:\Users\usuario\Documents\Proyecto 2222\Atenea\Atenea\Angular\dist\out-tsc\src\polyfills.js.map
C:\Users\usuario\Documents\Proyecto 2222\Atenea\Atenea\Angular\dist\out-tsc\src\test.js
C:\Users\usuario\Documents\Proyecto 2222\Atenea\Atenea\Angular\dist\out-tsc\src\test.js.map
C:\Users\usuario\Documents\Proyecto 2222\Atenea\Atenea\Angular\dist\out-tsc\src\app\app-routing.module.js
C:\Users\usuario\Documents\Proyecto 2222\Atenea\Atenea\Angular\dist\out-tsc\src\app\app-routing.module.js.map
C:\Users\usuario\Documents\Proyecto 2222\Atenea\Atenea\Angular\dist\out-tsc\src\app\app.component.spec.js
C:\Users\usuario\Documents\Proyecto 2222\Atenea\Atenea\Angular\dist\out-tsc\src\app\app.component.spec.js.map
C:\Users\usuario\Documents\Proyecto 2222\Atenea\Atenea\Angular\dist\out-tsc\src\app\filter-descriptor.pipe.spec.js
C:\Users\usuario\Documents\Proyecto 2222\Atenea\Atenea\Angular\dist\out-tsc\src\app\filter-descriptor.pipe.spec.js.map
C:\Users\usuario\Documents\Proyecto 2222\Atenea\Atenea\Angular\dist\out-tsc\src\app\descriptores\descriptores.component.spec.js
C:\Users\usuario\Documents\Proyecto 2222\Atenea\Atenea\Angular\dist\out-tsc\src\app\descriptores\descriptores.component.spec.js.map
C:\Users\usuario\Documents\Proyecto 2222\Atenea\Atenea\Angular\dist\out-tsc\src\app\edit-descriptor\edit-descriptor.component.spec.js
C:\Users\usuario\Documents\Proyecto 2222\Atenea\Atenea\Angular\dist\out-tsc\src\app\edit-descriptor\edit-descriptor.component.spec.js.map
C:\Users\usuario\Documents\Proyecto 2222\Atenea\Atenea\Angular\dist\out-tsc\src\app\menu\menu.component.spec.js
C:\Users\usuario\Documents\Proyecto 2222\Atenea\Atenea\Angular\dist\out-tsc\src\app\menu\menu.component.spec.js.map
C:\Users\usuario\Documents\Proyecto 2222\Atenea\Atenea\Angular\dist\out-tsc\src\app\prueba\prueba.component.spec.js
C:\Users\usuario\Documents\Proyecto 2222\Atenea\Atenea\Angular\dist\out-tsc\src\app\prueba\prueba.component.spec.js.map
C:\Users\usuario\Documents\Proyecto 2222\Atenea\Atenea\Angular\dist\out-tsc\src\environments\environment.prod.js
C:\Users\usuario\Documents\Proyecto 2222\Atenea\Atenea\Angular\dist\out-tsc\src\environments\environment.prod.js.map
